  [1m[35m (16.2ms)[0m  [1m[34mSELECT sqlite_version(*)[0m
  [1m[35m (186.8ms)[0m  [1m[35mCREATE TABLE "schema_migrations" ("version" varchar NOT NULL PRIMARY KEY)[0m
  [1m[35m (235.0ms)[0m  [1m[35mCREATE TABLE "ar_internal_metadata" ("key" varchar NOT NULL PRIMARY KEY, "value" varchar, "created_at" datetime(6) NOT NULL, "updated_at" datetime(6) NOT NULL)[0m
  [1m[35m (0.5ms)[0m  [1m[34mSELECT "schema_migrations"."version" FROM "schema_migrations" ORDER BY "schema_migrations"."version" ASC[0m
Migrating to CreatePosts (20210318155551)
  [1m[36mTRANSACTION (0.2ms)[0m  [1m[36mbegin transaction[0m
  [1m[35m (3.3ms)[0m  [1m[35mCREATE TABLE "posts" ("id" integer PRIMARY KEY AUTOINCREMENT NOT NULL, "title" varchar, "body" text, "created_at" datetime(6) NOT NULL, "updated_at" datetime(6) NOT NULL)[0m
  [1m[36mActiveRecord::SchemaMigration Create (0.4ms)[0m  [1m[32mINSERT INTO "schema_migrations" ("version") VALUES (?)[0m  [["version", "20210318155551"]]
  [1m[36mTRANSACTION (486.9ms)[0m  [1m[36mcommit transaction[0m
Migrating to CreateComments (20210318155732)
  [1m[36mTRANSACTION (0.1ms)[0m  [1m[36mbegin transaction[0m
  [1m[35m (2.0ms)[0m  [1m[35mCREATE TABLE "comments" ("id" integer PRIMARY KEY AUTOINCREMENT NOT NULL, "post_id" integer NOT NULL, "body" text, "created_at" datetime(6) NOT NULL, "updated_at" datetime(6) NOT NULL, CONSTRAINT "fk_rails_2fd19c0db7"
FOREIGN KEY ("post_id")
  REFERENCES "posts" ("id")
)[0m
  [1m[35m (0.5ms)[0m  [1m[35mCREATE INDEX "index_comments_on_post_id" ON "comments" ("post_id")[0m
  [1m[36mActiveRecord::SchemaMigration Create (0.4ms)[0m  [1m[32mINSERT INTO "schema_migrations" ("version") VALUES (?)[0m  [["version", "20210318155732"]]
  [1m[36mTRANSACTION (95.3ms)[0m  [1m[36mcommit transaction[0m
  [1m[36mActiveRecord::InternalMetadata Load (0.4ms)[0m  [1m[34mSELECT "ar_internal_metadata".* FROM "ar_internal_metadata" WHERE "ar_internal_metadata"."key" = ? LIMIT ?[0m  [["key", "environment"], ["LIMIT", 1]]
  [1m[36mTRANSACTION (0.1ms)[0m  [1m[36mbegin transaction[0m
  [1m[36mActiveRecord::InternalMetadata Create (1.5ms)[0m  [1m[32mINSERT INTO "ar_internal_metadata" ("key", "value", "created_at", "updated_at") VALUES (?, ?, ?, ?)[0m  [["key", "environment"], ["value", "development"], ["created_at", "2021-03-18 15:58:12.465233"], ["updated_at", "2021-03-18 15:58:12.465233"]]
  [1m[36mTRANSACTION (93.5ms)[0m  [1m[36mcommit transaction[0m
  [1m[35m (0.2ms)[0m  [1m[34mSELECT sqlite_version(*)[0m
  [1m[35m (0.6ms)[0m  [1m[34mSELECT "schema_migrations"."version" FROM "schema_migrations" ORDER BY "schema_migrations"."version" ASC[0m
Started GET "/" for ::1 at 2021-03-18 21:29:48 +0530
  [1m[35m (1.3ms)[0m  [1m[34mSELECT sqlite_version(*)[0m
  [1m[35m (0.4ms)[0m  [1m[34mSELECT "schema_migrations"."version" FROM "schema_migrations" ORDER BY "schema_migrations"."version" ASC[0m
Processing by Rails::WelcomeController#index as HTML
  Rendering C:/Ruby27-x64/lib/ruby/gems/2.7.0/gems/railties-6.1.3/lib/rails/templates/rails/welcome/index.html.erb
  Rendered C:/Ruby27-x64/lib/ruby/gems/2.7.0/gems/railties-6.1.3/lib/rails/templates/rails/welcome/index.html.erb (Duration: 35.7ms | Allocations: 466)
Completed 200 OK in 231ms (Views: 96.4ms | ActiveRecord: 0.0ms | Allocations: 3874)


Started GET "/posts" for ::1 at 2021-03-18 21:30:47 +0530
Processing by PostsController#index as HTML
  Rendering layout layouts/application.html.erb
  Rendering posts/index.html.erb within layouts/application
  [1m[36mPost Load (0.6ms)[0m  [1m[34mSELECT "posts".* FROM "posts"[0m
  ↳ app/views/posts/index.html.erb:15
  Rendered posts/index.html.erb within layouts/application (Duration: 11.7ms | Allocations: 1018)
[Webpacker] Compiling...
[Webpacker] Compiled all packs in C:/Users/ADMIN/Desktop/blog/public/packs
[Webpacker] Hash: e332c6419728fac579d5
Version: webpack 4.46.0
Time: 6059ms
Built at: 18/03/2021 9:31:00 pm
                                     Asset       Size       Chunks                         Chunk Names
    js/application-f826770d917d8a37c1d8.js    125 KiB  application  [emitted] [immutable]  application
js/application-f826770d917d8a37c1d8.js.map    139 KiB  application  [emitted] [dev]        application
                             manifest.json  364 bytes               [emitted]              
Entrypoint application = js/application-f826770d917d8a37c1d8.js js/application-f826770d917d8a37c1d8.js.map
[./app/javascript/channels sync recursive _channel\.js$] ./app/javascript/channels sync _channel\.js$ 160 bytes {application} [built]
[./app/javascript/channels/index.js] 211 bytes {application} [built]
[./app/javascript/packs/application.js] 492 bytes {application} [built]
[./node_modules/webpack/buildin/module.js] (webpack)/buildin/module.js 552 bytes {application} [built]
    + 3 hidden modules

  Rendered layout layouts/application.html.erb (Duration: 12958.6ms | Allocations: 27352)
Completed 200 OK in 13017ms (Views: 12972.2ms | ActiveRecord: 0.6ms | Allocations: 28810)


Started GET "/posts/new" for ::1 at 2021-03-18 21:31:18 +0530
Processing by PostsController#new as HTML
  Rendering layout layouts/application.html.erb
  Rendering posts/new.html.erb within layouts/application
  Rendered posts/_form.html.erb (Duration: 422.7ms | Allocations: 7430)
  Rendered posts/new.html.erb within layouts/application (Duration: 428.1ms | Allocations: 7778)
[Webpacker] Everything's up-to-date. Nothing to do
  Rendered layout layouts/application.html.erb (Duration: 501.6ms | Allocations: 11974)
Completed 200 OK in 518ms (Views: 503.9ms | ActiveRecord: 1.8ms | Allocations: 15430)


Started POST "/posts" for ::1 at 2021-03-18 21:32:11 +0530
Processing by PostsController#create as HTML
  Parameters: {"authenticity_token"=>"[FILTERED]", "post"=>{"title"=>"Cloud-based Widgets", "body"=>"Blah, blah, blah"}, "commit"=>"Create Post"}
  [1m[36mTRANSACTION (0.1ms)[0m  [1m[36mbegin transaction[0m
  ↳ app/controllers/posts_controller.rb:27:in `block in create'
  [1m[36mPost Create (125.8ms)[0m  [1m[32mINSERT INTO "posts" ("title", "body", "created_at", "updated_at") VALUES (?, ?, ?, ?)[0m  [["title", "Cloud-based Widgets"], ["body", "Blah, blah, blah"], ["created_at", "2021-03-18 16:02:11.800735"], ["updated_at", "2021-03-18 16:02:11.800735"]]
  ↳ app/controllers/posts_controller.rb:27:in `block in create'
  [1m[36mTRANSACTION (172.1ms)[0m  [1m[36mcommit transaction[0m
  ↳ app/controllers/posts_controller.rb:27:in `block in create'
Redirected to http://localhost:3000/posts/1
Completed 302 Found in 363ms (ActiveRecord: 298.1ms | Allocations: 2707)


Started GET "/posts/1" for ::1 at 2021-03-18 21:32:12 +0530
Processing by PostsController#show as HTML
  Parameters: {"id"=>"1"}
  [1m[36mPost Load (0.6ms)[0m  [1m[34mSELECT "posts".* FROM "posts" WHERE "posts"."id" = ? LIMIT ?[0m  [["id", 1], ["LIMIT", 1]]
  ↳ app/controllers/posts_controller.rb:62:in `set_post'
  Rendering layout layouts/application.html.erb
  Rendering posts/show.html.erb within layouts/application
  Rendered posts/show.html.erb within layouts/application (Duration: 3.2ms | Allocations: 270)
[Webpacker] Everything's up-to-date. Nothing to do
  Rendered layout layouts/application.html.erb (Duration: 70.4ms | Allocations: 4505)
Completed 200 OK in 176ms (Views: 72.8ms | ActiveRecord: 0.6ms | Allocations: 8194)


Started GET "/posts" for ::1 at 2021-03-18 21:32:16 +0530
Processing by PostsController#index as HTML
  Rendering layout layouts/application.html.erb
  Rendering posts/index.html.erb within layouts/application
  [1m[36mPost Load (0.3ms)[0m  [1m[34mSELECT "posts".* FROM "posts"[0m
  ↳ app/views/posts/index.html.erb:15
  Rendered posts/index.html.erb within layouts/application (Duration: 12.5ms | Allocations: 817)
[Webpacker] Everything's up-to-date. Nothing to do
  Rendered layout layouts/application.html.erb (Duration: 125.0ms | Allocations: 5102)
Completed 200 OK in 132ms (Views: 128.0ms | ActiveRecord: 0.3ms | Allocations: 5507)


Started GET "/posts/1" for ::1 at 2021-03-18 21:32:25 +0530
Processing by PostsController#show as HTML
  Parameters: {"id"=>"1"}
  [1m[36mPost Load (0.4ms)[0m  [1m[34mSELECT "posts".* FROM "posts" WHERE "posts"."id" = ? LIMIT ?[0m  [["id", 1], ["LIMIT", 1]]
  ↳ app/controllers/posts_controller.rb:62:in `set_post'
  Rendering layout layouts/application.html.erb
  Rendering posts/show.html.erb within layouts/application
  Rendered posts/show.html.erb within layouts/application (Duration: 0.7ms | Allocations: 101)
[Webpacker] Everything's up-to-date. Nothing to do
  Rendered layout layouts/application.html.erb (Duration: 57.5ms | Allocations: 4384)
Completed 200 OK in 72ms (Views: 59.9ms | ActiveRecord: 0.4ms | Allocations: 5307)


Started GET "/comments" for ::1 at 2021-03-18 21:32:49 +0530
Processing by CommentsController#index as HTML
  Rendering layout layouts/application.html.erb
  Rendering comments/index.html.erb within layouts/application
  [1m[36mComment Load (1.3ms)[0m  [1m[34mSELECT "comments".* FROM "comments"[0m
  ↳ app/views/comments/index.html.erb:15
  Rendered comments/index.html.erb within layouts/application (Duration: 30.6ms | Allocations: 967)
[Webpacker] Everything's up-to-date. Nothing to do
  Rendered layout layouts/application.html.erb (Duration: 175.6ms | Allocations: 5215)
Completed 200 OK in 405ms (Views: 203.1ms | ActiveRecord: 1.3ms | Allocations: 7171)


Started GET "/comments/new" for ::1 at 2021-03-18 21:32:54 +0530
Processing by CommentsController#new as HTML
  Rendering layout layouts/application.html.erb
  Rendering comments/new.html.erb within layouts/application
  Rendered comments/_form.html.erb (Duration: 4.3ms | Allocations: 1098)
  Rendered comments/new.html.erb within layouts/application (Duration: 8.4ms | Allocations: 1436)
[Webpacker] Everything's up-to-date. Nothing to do
  Rendered layout layouts/application.html.erb (Duration: 103.0ms | Allocations: 5727)
Completed 200 OK in 117ms (Views: 105.2ms | ActiveRecord: 1.8ms | Allocations: 8425)


Started POST "/comments" for ::1 at 2021-03-18 21:33:22 +0530
Processing by CommentsController#create as HTML
  Parameters: {"authenticity_token"=>"[FILTERED]", "comment"=>{"post_id"=>"1", "body"=>"This is great!"}, "commit"=>"Create Comment"}
  [1m[36mTRANSACTION (0.4ms)[0m  [1m[36mbegin transaction[0m
  ↳ app/controllers/comments_controller.rb:27:in `block in create'
  [1m[36mPost Load (0.5ms)[0m  [1m[34mSELECT "posts".* FROM "posts" WHERE "posts"."id" = ? LIMIT ?[0m  [["id", 1], ["LIMIT", 1]]
  ↳ app/controllers/comments_controller.rb:27:in `block in create'
  [1m[36mComment Create (2.0ms)[0m  [1m[32mINSERT INTO "comments" ("post_id", "body", "created_at", "updated_at") VALUES (?, ?, ?, ?)[0m  [["post_id", 1], ["body", "This is great!"], ["created_at", "2021-03-18 16:03:23.293113"], ["updated_at", "2021-03-18 16:03:23.293113"]]
  ↳ app/controllers/comments_controller.rb:27:in `block in create'
  [1m[36mTRANSACTION (153.1ms)[0m  [1m[36mcommit transaction[0m
  ↳ app/controllers/comments_controller.rb:27:in `block in create'
Redirected to http://localhost:3000/comments/1
Completed 302 Found in 574ms (ActiveRecord: 156.0ms | Allocations: 9324)


Started GET "/comments/1" for ::1 at 2021-03-18 21:33:23 +0530
Processing by CommentsController#show as HTML
  Parameters: {"id"=>"1"}
  [1m[36mComment Load (0.6ms)[0m  [1m[34mSELECT "comments".* FROM "comments" WHERE "comments"."id" = ? LIMIT ?[0m  [["id", 1], ["LIMIT", 1]]
  ↳ app/controllers/comments_controller.rb:62:in `set_comment'
  Rendering layout layouts/application.html.erb
  Rendering comments/show.html.erb within layouts/application
  Rendered comments/show.html.erb within layouts/application (Duration: 2.2ms | Allocations: 267)
[Webpacker] Everything's up-to-date. Nothing to do
  Rendered layout layouts/application.html.erb (Duration: 85.9ms | Allocations: 4561)
Completed 200 OK in 106ms (Views: 89.1ms | ActiveRecord: 0.6ms | Allocations: 5733)


Started GET "/comments" for ::1 at 2021-03-18 21:33:44 +0530
Processing by CommentsController#index as HTML
  Rendering layout layouts/application.html.erb
  Rendering comments/index.html.erb within layouts/application
  [1m[36mComment Load (0.3ms)[0m  [1m[34mSELECT "comments".* FROM "comments"[0m
  ↳ app/views/comments/index.html.erb:15
  Rendered comments/index.html.erb within layouts/application (Duration: 8.0ms | Allocations: 806)
[Webpacker] Everything's up-to-date. Nothing to do
  Rendered layout layouts/application.html.erb (Duration: 101.1ms | Allocations: 5095)
Completed 200 OK in 107ms (Views: 104.9ms | ActiveRecord: 0.3ms | Allocations: 5490)


